[2021-03-16 12:23:51.316] [renderer1] [error] [ms-python.python]: Proposed API is only available when running out of dev or with the following command line switch: --enable-proposed-api ms-python.python: Error: [ms-python.python]: Proposed API is only available when running out of dev or with the following command line switch: --enable-proposed-api ms-python.python
	at f (/usr/lib/code/out/vs/workbench/services/extensions/node/extensionHostProcess.js:86:59270)
	at Object.v [as checkProposedApiEnabled] (/usr/lib/code/out/vs/workbench/services/extensions/node/extensionHostProcess.js:86:59217)
	at Object.get activeNotebookEditor [as activeNotebookEditor] (/usr/lib/code/out/vs/workbench/services/extensions/node/extensionHostProcess.js:94:39089)
	at u.get activeNotebookEditor [as activeNotebookEditor] (/home/jacob/.vscode-oss/extensions/ms-python.python-2020.10.332292344/out/client/extension.js:56:1203223)
	at g.provideCodeLenses (/home/jacob/.vscode-oss/extensions/ms-python.python-2020.10.332292344/out/client/extension.js:56:229657)
	at l.provideCodeLenses (/usr/lib/code/out/vs/workbench/services/extensions/node/extensionHostProcess.js:86:138899)
	at /usr/lib/code/out/vs/workbench/services/extensions/node/extensionHostProcess.js:86:161293
	at we._withAdapter (/usr/lib/code/out/vs/workbench/services/extensions/node/extensionHostProcess.js:86:159898)
	at we.$provideCodeLenses (/usr/lib/code/out/vs/workbench/services/extensions/node/extensionHostProcess.js:86:161271)
	at p._doInvokeHandler (/usr/lib/code/out/vs/workbench/services/extensions/node/extensionHostProcess.js:89:10276)
	at p._invokeHandler (/usr/lib/code/out/vs/workbench/services/extensions/node/extensionHostProcess.js:89:9968)
	at p._receiveRequest (/usr/lib/code/out/vs/workbench/services/extensions/node/extensionHostProcess.js:89:8587)
	at p._receiveOneMessage (/usr/lib/code/out/vs/workbench/services/extensions/node/extensionHostProcess.js:89:7440)
	at /usr/lib/code/out/vs/workbench/services/extensions/node/extensionHostProcess.js:89:5568
	at v.fire (/usr/lib/code/out/vs/workbench/services/extensions/node/extensionHostProcess.js:55:1836)
	at d.fire (/usr/lib/code/out/vs/workbench/services/extensions/node/extensionHostProcess.js:63:15515)
	at /usr/lib/code/out/vs/workbench/services/extensions/node/extensionHostProcess.js:104:29104
	at v.fire (/usr/lib/code/out/vs/workbench/services/extensions/node/extensionHostProcess.js:55:1836)
	at d.fire (/usr/lib/code/out/vs/workbench/services/extensions/node/extensionHostProcess.js:63:15515)
	at t._receiveMessage (/usr/lib/code/out/vs/workbench/services/extensions/node/extensionHostProcess.js:63:20765)
	at /usr/lib/code/out/vs/workbench/services/extensions/node/extensionHostProcess.js:63:17659
	at v.fire (/usr/lib/code/out/vs/workbench/services/extensions/node/extensionHostProcess.js:55:1836)
	at u.acceptChunk (/usr/lib/code/out/vs/workbench/services/extensions/node/extensionHostProcess.js:63:12880)
	at /usr/lib/code/out/vs/workbench/services/extensions/node/extensionHostProcess.js:63:12228
	at Socket.m (/usr/lib/code/out/vs/workbench/services/extensions/node/extensionHostProcess.js:104:12375)
	at Socket.emit (events.js:315:20)
	at addChunk (_stream_readable.js:295:12)
	at readableAddChunk (_stream_readable.js:271:9)
	at Socket.Readable.push (_stream_readable.js:212:10)
	at Pipe.onStreamRead (internal/stream_base_commons.js:186:23)
[2021-03-16 12:23:52.512] [renderer1] [error] [ms-python.python]: Proposed API is only available when running out of dev or with the following command line switch: --enable-proposed-api ms-python.python: Error: [ms-python.python]: Proposed API is only available when running out of dev or with the following command line switch: --enable-proposed-api ms-python.python
	at f (/usr/lib/code/out/vs/workbench/services/extensions/node/extensionHostProcess.js:86:59270)
	at Object.v [as checkProposedApiEnabled] (/usr/lib/code/out/vs/workbench/services/extensions/node/extensionHostProcess.js:86:59217)
	at Object.get activeNotebookEditor [as activeNotebookEditor] (/usr/lib/code/out/vs/workbench/services/extensions/node/extensionHostProcess.js:94:39089)
	at u.get activeNotebookEditor [as activeNotebookEditor] (/home/jacob/.vscode-oss/extensions/ms-python.python-2020.10.332292344/out/client/extension.js:56:1203223)
	at g.provideCodeLenses (/home/jacob/.vscode-oss/extensions/ms-python.python-2020.10.332292344/out/client/extension.js:56:229657)
	at l.provideCodeLenses (/usr/lib/code/out/vs/workbench/services/extensions/node/extensionHostProcess.js:86:138899)
	at /usr/lib/code/out/vs/workbench/services/extensions/node/extensionHostProcess.js:86:161293
	at we._withAdapter (/usr/lib/code/out/vs/workbench/services/extensions/node/extensionHostProcess.js:86:159898)
	at we.$provideCodeLenses (/usr/lib/code/out/vs/workbench/services/extensions/node/extensionHostProcess.js:86:161271)
	at p._doInvokeHandler (/usr/lib/code/out/vs/workbench/services/extensions/node/extensionHostProcess.js:89:10276)
	at p._invokeHandler (/usr/lib/code/out/vs/workbench/services/extensions/node/extensionHostProcess.js:89:9968)
	at p._receiveRequest (/usr/lib/code/out/vs/workbench/services/extensions/node/extensionHostProcess.js:89:8587)
	at p._receiveOneMessage (/usr/lib/code/out/vs/workbench/services/extensions/node/extensionHostProcess.js:89:7440)
	at /usr/lib/code/out/vs/workbench/services/extensions/node/extensionHostProcess.js:89:5568
	at v.fire (/usr/lib/code/out/vs/workbench/services/extensions/node/extensionHostProcess.js:55:1836)
	at d.fire (/usr/lib/code/out/vs/workbench/services/extensions/node/extensionHostProcess.js:63:15515)
	at /usr/lib/code/out/vs/workbench/services/extensions/node/extensionHostProcess.js:104:29104
	at v.fire (/usr/lib/code/out/vs/workbench/services/extensions/node/extensionHostProcess.js:55:1836)
	at d.fire (/usr/lib/code/out/vs/workbench/services/extensions/node/extensionHostProcess.js:63:15515)
	at t._receiveMessage (/usr/lib/code/out/vs/workbench/services/extensions/node/extensionHostProcess.js:63:20765)
	at /usr/lib/code/out/vs/workbench/services/extensions/node/extensionHostProcess.js:63:17659
	at v.fire (/usr/lib/code/out/vs/workbench/services/extensions/node/extensionHostProcess.js:55:1836)
	at u.acceptChunk (/usr/lib/code/out/vs/workbench/services/extensions/node/extensionHostProcess.js:63:12880)
	at /usr/lib/code/out/vs/workbench/services/extensions/node/extensionHostProcess.js:63:12228
	at Socket.m (/usr/lib/code/out/vs/workbench/services/extensions/node/extensionHostProcess.js:104:12375)
	at Socket.emit (events.js:315:20)
	at addChunk (_stream_readable.js:295:12)
	at readableAddChunk (_stream_readable.js:271:9)
	at Socket.Readable.push (_stream_readable.js:212:10)
	at Pipe.onStreamRead (internal/stream_base_commons.js:186:23)
[2021-03-16 12:23:55.107] [renderer1] [error] [ms-python.python]: Proposed API is only available when running out of dev or with the following command line switch: --enable-proposed-api ms-python.python: Error: [ms-python.python]: Proposed API is only available when running out of dev or with the following command line switch: --enable-proposed-api ms-python.python
	at f (/usr/lib/code/out/vs/workbench/services/extensions/node/extensionHostProcess.js:86:59270)
	at Object.v [as checkProposedApiEnabled] (/usr/lib/code/out/vs/workbench/services/extensions/node/extensionHostProcess.js:86:59217)
	at Object.get activeNotebookEditor [as activeNotebookEditor] (/usr/lib/code/out/vs/workbench/services/extensions/node/extensionHostProcess.js:94:39089)
	at u.get activeNotebookEditor [as activeNotebookEditor] (/home/jacob/.vscode-oss/extensions/ms-python.python-2020.10.332292344/out/client/extension.js:56:1203223)
	at g.provideCodeLenses (/home/jacob/.vscode-oss/extensions/ms-python.python-2020.10.332292344/out/client/extension.js:56:229657)
	at l.provideCodeLenses (/usr/lib/code/out/vs/workbench/services/extensions/node/extensionHostProcess.js:86:138899)
	at /usr/lib/code/out/vs/workbench/services/extensions/node/extensionHostProcess.js:86:161293
	at we._withAdapter (/usr/lib/code/out/vs/workbench/services/extensions/node/extensionHostProcess.js:86:159898)
	at we.$provideCodeLenses (/usr/lib/code/out/vs/workbench/services/extensions/node/extensionHostProcess.js:86:161271)
	at p._doInvokeHandler (/usr/lib/code/out/vs/workbench/services/extensions/node/extensionHostProcess.js:89:10276)
	at p._invokeHandler (/usr/lib/code/out/vs/workbench/services/extensions/node/extensionHostProcess.js:89:9968)
	at p._receiveRequest (/usr/lib/code/out/vs/workbench/services/extensions/node/extensionHostProcess.js:89:8587)
	at p._receiveOneMessage (/usr/lib/code/out/vs/workbench/services/extensions/node/extensionHostProcess.js:89:7440)
	at /usr/lib/code/out/vs/workbench/services/extensions/node/extensionHostProcess.js:89:5568
	at v.fire (/usr/lib/code/out/vs/workbench/services/extensions/node/extensionHostProcess.js:55:1836)
	at d.fire (/usr/lib/code/out/vs/workbench/services/extensions/node/extensionHostProcess.js:63:15515)
	at /usr/lib/code/out/vs/workbench/services/extensions/node/extensionHostProcess.js:104:29104
	at v.fire (/usr/lib/code/out/vs/workbench/services/extensions/node/extensionHostProcess.js:55:1836)
	at d.fire (/usr/lib/code/out/vs/workbench/services/extensions/node/extensionHostProcess.js:63:15515)
	at t._receiveMessage (/usr/lib/code/out/vs/workbench/services/extensions/node/extensionHostProcess.js:63:20765)
	at /usr/lib/code/out/vs/workbench/services/extensions/node/extensionHostProcess.js:63:17659
	at v.fire (/usr/lib/code/out/vs/workbench/services/extensions/node/extensionHostProcess.js:55:1836)
	at u.acceptChunk (/usr/lib/code/out/vs/workbench/services/extensions/node/extensionHostProcess.js:63:12880)
	at /usr/lib/code/out/vs/workbench/services/extensions/node/extensionHostProcess.js:63:12228
	at Socket.m (/usr/lib/code/out/vs/workbench/services/extensions/node/extensionHostProcess.js:104:12375)
	at Socket.emit (events.js:315:20)
	at addChunk (_stream_readable.js:295:12)
	at readableAddChunk (_stream_readable.js:271:9)
	at Socket.Readable.push (_stream_readable.js:212:10)
	at Pipe.onStreamRead (internal/stream_base_commons.js:186:23)
[2021-03-16 12:23:58.412] [renderer1] [error] [ms-python.python]: Proposed API is only available when running out of dev or with the following command line switch: --enable-proposed-api ms-python.python: Error: [ms-python.python]: Proposed API is only available when running out of dev or with the following command line switch: --enable-proposed-api ms-python.python
	at f (/usr/lib/code/out/vs/workbench/services/extensions/node/extensionHostProcess.js:86:59270)
	at Object.v [as checkProposedApiEnabled] (/usr/lib/code/out/vs/workbench/services/extensions/node/extensionHostProcess.js:86:59217)
	at Object.get activeNotebookEditor [as activeNotebookEditor] (/usr/lib/code/out/vs/workbench/services/extensions/node/extensionHostProcess.js:94:39089)
	at u.get activeNotebookEditor [as activeNotebookEditor] (/home/jacob/.vscode-oss/extensions/ms-python.python-2020.10.332292344/out/client/extension.js:56:1203223)
	at g.provideCodeLenses (/home/jacob/.vscode-oss/extensions/ms-python.python-2020.10.332292344/out/client/extension.js:56:229657)
	at l.provideCodeLenses (/usr/lib/code/out/vs/workbench/services/extensions/node/extensionHostProcess.js:86:138899)
	at /usr/lib/code/out/vs/workbench/services/extensions/node/extensionHostProcess.js:86:161293
	at we._withAdapter (/usr/lib/code/out/vs/workbench/services/extensions/node/extensionHostProcess.js:86:159898)
	at we.$provideCodeLenses (/usr/lib/code/out/vs/workbench/services/extensions/node/extensionHostProcess.js:86:161271)
	at p._doInvokeHandler (/usr/lib/code/out/vs/workbench/services/extensions/node/extensionHostProcess.js:89:10276)
	at p._invokeHandler (/usr/lib/code/out/vs/workbench/services/extensions/node/extensionHostProcess.js:89:9968)
	at p._receiveRequest (/usr/lib/code/out/vs/workbench/services/extensions/node/extensionHostProcess.js:89:8587)
	at p._receiveOneMessage (/usr/lib/code/out/vs/workbench/services/extensions/node/extensionHostProcess.js:89:7440)
	at /usr/lib/code/out/vs/workbench/services/extensions/node/extensionHostProcess.js:89:5568
	at v.fire (/usr/lib/code/out/vs/workbench/services/extensions/node/extensionHostProcess.js:55:1836)
	at d.fire (/usr/lib/code/out/vs/workbench/services/extensions/node/extensionHostProcess.js:63:15515)
	at /usr/lib/code/out/vs/workbench/services/extensions/node/extensionHostProcess.js:104:29104
	at v.fire (/usr/lib/code/out/vs/workbench/services/extensions/node/extensionHostProcess.js:55:1836)
	at d.fire (/usr/lib/code/out/vs/workbench/services/extensions/node/extensionHostProcess.js:63:15515)
	at t._receiveMessage (/usr/lib/code/out/vs/workbench/services/extensions/node/extensionHostProcess.js:63:20765)
	at /usr/lib/code/out/vs/workbench/services/extensions/node/extensionHostProcess.js:63:17659
	at v.fire (/usr/lib/code/out/vs/workbench/services/extensions/node/extensionHostProcess.js:55:1836)
	at u.acceptChunk (/usr/lib/code/out/vs/workbench/services/extensions/node/extensionHostProcess.js:63:12880)
	at /usr/lib/code/out/vs/workbench/services/extensions/node/extensionHostProcess.js:63:12228
	at Socket.m (/usr/lib/code/out/vs/workbench/services/extensions/node/extensionHostProcess.js:104:12375)
	at Socket.emit (events.js:315:20)
	at addChunk (_stream_readable.js:295:12)
	at readableAddChunk (_stream_readable.js:271:9)
	at Socket.Readable.push (_stream_readable.js:212:10)
	at Pipe.onStreamRead (internal/stream_base_commons.js:186:23)
[2021-03-16 12:24:55.318] [renderer1] [error] [ms-python.python]: Proposed API is only available when running out of dev or with the following command line switch: --enable-proposed-api ms-python.python: Error: [ms-python.python]: Proposed API is only available when running out of dev or with the following command line switch: --enable-proposed-api ms-python.python
	at f (/usr/lib/code/out/vs/workbench/services/extensions/node/extensionHostProcess.js:86:59270)
	at Object.v [as checkProposedApiEnabled] (/usr/lib/code/out/vs/workbench/services/extensions/node/extensionHostProcess.js:86:59217)
	at Object.get activeNotebookEditor [as activeNotebookEditor] (/usr/lib/code/out/vs/workbench/services/extensions/node/extensionHostProcess.js:94:39089)
	at u.get activeNotebookEditor [as activeNotebookEditor] (/home/jacob/.vscode-oss/extensions/ms-python.python-2020.10.332292344/out/client/extension.js:56:1203223)
	at g.provideCodeLenses (/home/jacob/.vscode-oss/extensions/ms-python.python-2020.10.332292344/out/client/extension.js:56:229657)
	at l.provideCodeLenses (/usr/lib/code/out/vs/workbench/services/extensions/node/extensionHostProcess.js:86:138899)
	at /usr/lib/code/out/vs/workbench/services/extensions/node/extensionHostProcess.js:86:161293
	at we._withAdapter (/usr/lib/code/out/vs/workbench/services/extensions/node/extensionHostProcess.js:86:159898)
	at we.$provideCodeLenses (/usr/lib/code/out/vs/workbench/services/extensions/node/extensionHostProcess.js:86:161271)
	at p._doInvokeHandler (/usr/lib/code/out/vs/workbench/services/extensions/node/extensionHostProcess.js:89:10276)
	at p._invokeHandler (/usr/lib/code/out/vs/workbench/services/extensions/node/extensionHostProcess.js:89:9968)
	at p._receiveRequest (/usr/lib/code/out/vs/workbench/services/extensions/node/extensionHostProcess.js:89:8587)
	at p._receiveOneMessage (/usr/lib/code/out/vs/workbench/services/extensions/node/extensionHostProcess.js:89:7440)
	at /usr/lib/code/out/vs/workbench/services/extensions/node/extensionHostProcess.js:89:5568
	at v.fire (/usr/lib/code/out/vs/workbench/services/extensions/node/extensionHostProcess.js:55:1836)
	at d.fire (/usr/lib/code/out/vs/workbench/services/extensions/node/extensionHostProcess.js:63:15515)
	at /usr/lib/code/out/vs/workbench/services/extensions/node/extensionHostProcess.js:104:29104
	at v.fire (/usr/lib/code/out/vs/workbench/services/extensions/node/extensionHostProcess.js:55:1836)
	at d.fire (/usr/lib/code/out/vs/workbench/services/extensions/node/extensionHostProcess.js:63:15515)
	at t._receiveMessage (/usr/lib/code/out/vs/workbench/services/extensions/node/extensionHostProcess.js:63:20765)
	at /usr/lib/code/out/vs/workbench/services/extensions/node/extensionHostProcess.js:63:17659
	at v.fire (/usr/lib/code/out/vs/workbench/services/extensions/node/extensionHostProcess.js:55:1836)
	at u.acceptChunk (/usr/lib/code/out/vs/workbench/services/extensions/node/extensionHostProcess.js:63:12880)
	at /usr/lib/code/out/vs/workbench/services/extensions/node/extensionHostProcess.js:63:12228
	at Socket.m (/usr/lib/code/out/vs/workbench/services/extensions/node/extensionHostProcess.js:104:12375)
	at Socket.emit (events.js:315:20)
	at addChunk (_stream_readable.js:295:12)
	at readableAddChunk (_stream_readable.js:271:9)
	at Socket.Readable.push (_stream_readable.js:212:10)
	at Pipe.onStreamRead (internal/stream_base_commons.js:186:23)
[2021-03-16 12:24:56.981] [renderer1] [error] [ms-python.python]: Proposed API is only available when running out of dev or with the following command line switch: --enable-proposed-api ms-python.python: Error: [ms-python.python]: Proposed API is only available when running out of dev or with the following command line switch: --enable-proposed-api ms-python.python
	at f (/usr/lib/code/out/vs/workbench/services/extensions/node/extensionHostProcess.js:86:59270)
	at Object.v [as checkProposedApiEnabled] (/usr/lib/code/out/vs/workbench/services/extensions/node/extensionHostProcess.js:86:59217)
	at Object.get activeNotebookEditor [as activeNotebookEditor] (/usr/lib/code/out/vs/workbench/services/extensions/node/extensionHostProcess.js:94:39089)
	at u.get activeNotebookEditor [as activeNotebookEditor] (/home/jacob/.vscode-oss/extensions/ms-python.python-2020.10.332292344/out/client/extension.js:56:1203223)
	at g.provideCodeLenses (/home/jacob/.vscode-oss/extensions/ms-python.python-2020.10.332292344/out/client/extension.js:56:229657)
	at l.provideCodeLenses (/usr/lib/code/out/vs/workbench/services/extensions/node/extensionHostProcess.js:86:138899)
	at /usr/lib/code/out/vs/workbench/services/extensions/node/extensionHostProcess.js:86:161293
	at we._withAdapter (/usr/lib/code/out/vs/workbench/services/extensions/node/extensionHostProcess.js:86:159898)
	at we.$provideCodeLenses (/usr/lib/code/out/vs/workbench/services/extensions/node/extensionHostProcess.js:86:161271)
	at p._doInvokeHandler (/usr/lib/code/out/vs/workbench/services/extensions/node/extensionHostProcess.js:89:10276)
	at p._invokeHandler (/usr/lib/code/out/vs/workbench/services/extensions/node/extensionHostProcess.js:89:9968)
	at p._receiveRequest (/usr/lib/code/out/vs/workbench/services/extensions/node/extensionHostProcess.js:89:8587)
	at p._receiveOneMessage (/usr/lib/code/out/vs/workbench/services/extensions/node/extensionHostProcess.js:89:7440)
	at /usr/lib/code/out/vs/workbench/services/extensions/node/extensionHostProcess.js:89:5568
	at v.fire (/usr/lib/code/out/vs/workbench/services/extensions/node/extensionHostProcess.js:55:1836)
	at d.fire (/usr/lib/code/out/vs/workbench/services/extensions/node/extensionHostProcess.js:63:15515)
	at /usr/lib/code/out/vs/workbench/services/extensions/node/extensionHostProcess.js:104:29104
	at v.fire (/usr/lib/code/out/vs/workbench/services/extensions/node/extensionHostProcess.js:55:1836)
	at d.fire (/usr/lib/code/out/vs/workbench/services/extensions/node/extensionHostProcess.js:63:15515)
	at t._receiveMessage (/usr/lib/code/out/vs/workbench/services/extensions/node/extensionHostProcess.js:63:20765)
	at /usr/lib/code/out/vs/workbench/services/extensions/node/extensionHostProcess.js:63:17659
	at v.fire (/usr/lib/code/out/vs/workbench/services/extensions/node/extensionHostProcess.js:55:1836)
	at u.acceptChunk (/usr/lib/code/out/vs/workbench/services/extensions/node/extensionHostProcess.js:63:12880)
	at /usr/lib/code/out/vs/workbench/services/extensions/node/extensionHostProcess.js:63:12228
	at Socket.m (/usr/lib/code/out/vs/workbench/services/extensions/node/extensionHostProcess.js:104:12375)
	at Socket.emit (events.js:315:20)
	at addChunk (_stream_readable.js:295:12)
	at readableAddChunk (_stream_readable.js:271:9)
	at Socket.Readable.push (_stream_readable.js:212:10)
	at Pipe.onStreamRead (internal/stream_base_commons.js:186:23)
[2021-03-16 12:24:58.502] [renderer1] [error] [ms-python.python]: Proposed API is only available when running out of dev or with the following command line switch: --enable-proposed-api ms-python.python: Error: [ms-python.python]: Proposed API is only available when running out of dev or with the following command line switch: --enable-proposed-api ms-python.python
	at f (/usr/lib/code/out/vs/workbench/services/extensions/node/extensionHostProcess.js:86:59270)
	at Object.v [as checkProposedApiEnabled] (/usr/lib/code/out/vs/workbench/services/extensions/node/extensionHostProcess.js:86:59217)
	at Object.get activeNotebookEditor [as activeNotebookEditor] (/usr/lib/code/out/vs/workbench/services/extensions/node/extensionHostProcess.js:94:39089)
	at u.get activeNotebookEditor [as activeNotebookEditor] (/home/jacob/.vscode-oss/extensions/ms-python.python-2020.10.332292344/out/client/extension.js:56:1203223)
	at g.provideCodeLenses (/home/jacob/.vscode-oss/extensions/ms-python.python-2020.10.332292344/out/client/extension.js:56:229657)
	at l.provideCodeLenses (/usr/lib/code/out/vs/workbench/services/extensions/node/extensionHostProcess.js:86:138899)
	at /usr/lib/code/out/vs/workbench/services/extensions/node/extensionHostProcess.js:86:161293
	at we._withAdapter (/usr/lib/code/out/vs/workbench/services/extensions/node/extensionHostProcess.js:86:159898)
	at we.$provideCodeLenses (/usr/lib/code/out/vs/workbench/services/extensions/node/extensionHostProcess.js:86:161271)
	at p._doInvokeHandler (/usr/lib/code/out/vs/workbench/services/extensions/node/extensionHostProcess.js:89:10276)
	at p._invokeHandler (/usr/lib/code/out/vs/workbench/services/extensions/node/extensionHostProcess.js:89:9968)
	at p._receiveRequest (/usr/lib/code/out/vs/workbench/services/extensions/node/extensionHostProcess.js:89:8587)
	at p._receiveOneMessage (/usr/lib/code/out/vs/workbench/services/extensions/node/extensionHostProcess.js:89:7440)
	at /usr/lib/code/out/vs/workbench/services/extensions/node/extensionHostProcess.js:89:5568
	at v.fire (/usr/lib/code/out/vs/workbench/services/extensions/node/extensionHostProcess.js:55:1836)
	at d.fire (/usr/lib/code/out/vs/workbench/services/extensions/node/extensionHostProcess.js:63:15515)
	at /usr/lib/code/out/vs/workbench/services/extensions/node/extensionHostProcess.js:104:29104
	at v.fire (/usr/lib/code/out/vs/workbench/services/extensions/node/extensionHostProcess.js:55:1836)
	at d.fire (/usr/lib/code/out/vs/workbench/services/extensions/node/extensionHostProcess.js:63:15515)
	at t._receiveMessage (/usr/lib/code/out/vs/workbench/services/extensions/node/extensionHostProcess.js:63:20765)
	at /usr/lib/code/out/vs/workbench/services/extensions/node/extensionHostProcess.js:63:17659
	at v.fire (/usr/lib/code/out/vs/workbench/services/extensions/node/extensionHostProcess.js:55:1836)
	at u.acceptChunk (/usr/lib/code/out/vs/workbench/services/extensions/node/extensionHostProcess.js:63:12880)
	at /usr/lib/code/out/vs/workbench/services/extensions/node/extensionHostProcess.js:63:12228
	at Socket.m (/usr/lib/code/out/vs/workbench/services/extensions/node/extensionHostProcess.js:104:12375)
	at Socket.emit (events.js:315:20)
	at addChunk (_stream_readable.js:295:12)
	at readableAddChunk (_stream_readable.js:271:9)
	at Socket.Readable.push (_stream_readable.js:212:10)
	at Pipe.onStreamRead (internal/stream_base_commons.js:186:23)
[2021-03-16 12:25:30.191] [renderer1] [error] [ms-python.python]: Proposed API is only available when running out of dev or with the following command line switch: --enable-proposed-api ms-python.python: Error: [ms-python.python]: Proposed API is only available when running out of dev or with the following command line switch: --enable-proposed-api ms-python.python
	at f (/usr/lib/code/out/vs/workbench/services/extensions/node/extensionHostProcess.js:86:59270)
	at Object.v [as checkProposedApiEnabled] (/usr/lib/code/out/vs/workbench/services/extensions/node/extensionHostProcess.js:86:59217)
	at Object.get activeNotebookEditor [as activeNotebookEditor] (/usr/lib/code/out/vs/workbench/services/extensions/node/extensionHostProcess.js:94:39089)
	at u.get activeNotebookEditor [as activeNotebookEditor] (/home/jacob/.vscode-oss/extensions/ms-python.python-2020.10.332292344/out/client/extension.js:56:1203223)
	at g.provideCodeLenses (/home/jacob/.vscode-oss/extensions/ms-python.python-2020.10.332292344/out/client/extension.js:56:229657)
	at l.provideCodeLenses (/usr/lib/code/out/vs/workbench/services/extensions/node/extensionHostProcess.js:86:138899)
	at /usr/lib/code/out/vs/workbench/services/extensions/node/extensionHostProcess.js:86:161293
	at we._withAdapter (/usr/lib/code/out/vs/workbench/services/extensions/node/extensionHostProcess.js:86:159898)
	at we.$provideCodeLenses (/usr/lib/code/out/vs/workbench/services/extensions/node/extensionHostProcess.js:86:161271)
	at p._doInvokeHandler (/usr/lib/code/out/vs/workbench/services/extensions/node/extensionHostProcess.js:89:10276)
	at p._invokeHandler (/usr/lib/code/out/vs/workbench/services/extensions/node/extensionHostProcess.js:89:9968)
	at p._receiveRequest (/usr/lib/code/out/vs/workbench/services/extensions/node/extensionHostProcess.js:89:8587)
	at p._receiveOneMessage (/usr/lib/code/out/vs/workbench/services/extensions/node/extensionHostProcess.js:89:7440)
	at /usr/lib/code/out/vs/workbench/services/extensions/node/extensionHostProcess.js:89:5568
	at v.fire (/usr/lib/code/out/vs/workbench/services/extensions/node/extensionHostProcess.js:55:1836)
	at d.fire (/usr/lib/code/out/vs/workbench/services/extensions/node/extensionHostProcess.js:63:15515)
	at /usr/lib/code/out/vs/workbench/services/extensions/node/extensionHostProcess.js:104:29104
	at v.fire (/usr/lib/code/out/vs/workbench/services/extensions/node/extensionHostProcess.js:55:1836)
	at d.fire (/usr/lib/code/out/vs/workbench/services/extensions/node/extensionHostProcess.js:63:15515)
	at t._receiveMessage (/usr/lib/code/out/vs/workbench/services/extensions/node/extensionHostProcess.js:63:20765)
	at /usr/lib/code/out/vs/workbench/services/extensions/node/extensionHostProcess.js:63:17659
	at v.fire (/usr/lib/code/out/vs/workbench/services/extensions/node/extensionHostProcess.js:55:1836)
	at u.acceptChunk (/usr/lib/code/out/vs/workbench/services/extensions/node/extensionHostProcess.js:63:12880)
	at /usr/lib/code/out/vs/workbench/services/extensions/node/extensionHostProcess.js:63:12228
	at Socket.m (/usr/lib/code/out/vs/workbench/services/extensions/node/extensionHostProcess.js:104:12375)
	at Socket.emit (events.js:315:20)
	at addChunk (_stream_readable.js:295:12)
	at readableAddChunk (_stream_readable.js:271:9)
	at Socket.Readable.push (_stream_readable.js:212:10)
	at Pipe.onStreamRead (internal/stream_base_commons.js:186:23)
[2021-03-16 12:25:31.223] [renderer1] [error] [ms-python.python]: Proposed API is only available when running out of dev or with the following command line switch: --enable-proposed-api ms-python.python: Error: [ms-python.python]: Proposed API is only available when running out of dev or with the following command line switch: --enable-proposed-api ms-python.python
	at f (/usr/lib/code/out/vs/workbench/services/extensions/node/extensionHostProcess.js:86:59270)
	at Object.v [as checkProposedApiEnabled] (/usr/lib/code/out/vs/workbench/services/extensions/node/extensionHostProcess.js:86:59217)
	at Object.get activeNotebookEditor [as activeNotebookEditor] (/usr/lib/code/out/vs/workbench/services/extensions/node/extensionHostProcess.js:94:39089)
	at u.get activeNotebookEditor [as activeNotebookEditor] (/home/jacob/.vscode-oss/extensions/ms-python.python-2020.10.332292344/out/client/extension.js:56:1203223)
	at g.provideCodeLenses (/home/jacob/.vscode-oss/extensions/ms-python.python-2020.10.332292344/out/client/extension.js:56:229657)
	at l.provideCodeLenses (/usr/lib/code/out/vs/workbench/services/extensions/node/extensionHostProcess.js:86:138899)
	at /usr/lib/code/out/vs/workbench/services/extensions/node/extensionHostProcess.js:86:161293
	at we._withAdapter (/usr/lib/code/out/vs/workbench/services/extensions/node/extensionHostProcess.js:86:159898)
	at we.$provideCodeLenses (/usr/lib/code/out/vs/workbench/services/extensions/node/extensionHostProcess.js:86:161271)
	at p._doInvokeHandler (/usr/lib/code/out/vs/workbench/services/extensions/node/extensionHostProcess.js:89:10276)
	at p._invokeHandler (/usr/lib/code/out/vs/workbench/services/extensions/node/extensionHostProcess.js:89:9968)
	at p._receiveRequest (/usr/lib/code/out/vs/workbench/services/extensions/node/extensionHostProcess.js:89:8587)
	at p._receiveOneMessage (/usr/lib/code/out/vs/workbench/services/extensions/node/extensionHostProcess.js:89:7440)
	at /usr/lib/code/out/vs/workbench/services/extensions/node/extensionHostProcess.js:89:5568
	at v.fire (/usr/lib/code/out/vs/workbench/services/extensions/node/extensionHostProcess.js:55:1836)
	at d.fire (/usr/lib/code/out/vs/workbench/services/extensions/node/extensionHostProcess.js:63:15515)
	at /usr/lib/code/out/vs/workbench/services/extensions/node/extensionHostProcess.js:104:29104
	at v.fire (/usr/lib/code/out/vs/workbench/services/extensions/node/extensionHostProcess.js:55:1836)
	at d.fire (/usr/lib/code/out/vs/workbench/services/extensions/node/extensionHostProcess.js:63:15515)
	at t._receiveMessage (/usr/lib/code/out/vs/workbench/services/extensions/node/extensionHostProcess.js:63:20765)
	at /usr/lib/code/out/vs/workbench/services/extensions/node/extensionHostProcess.js:63:17659
	at v.fire (/usr/lib/code/out/vs/workbench/services/extensions/node/extensionHostProcess.js:55:1836)
	at u.acceptChunk (/usr/lib/code/out/vs/workbench/services/extensions/node/extensionHostProcess.js:63:12880)
	at /usr/lib/code/out/vs/workbench/services/extensions/node/extensionHostProcess.js:63:12228
	at Socket.m (/usr/lib/code/out/vs/workbench/services/extensions/node/extensionHostProcess.js:104:12375)
	at Socket.emit (events.js:315:20)
	at addChunk (_stream_readable.js:295:12)
	at readableAddChunk (_stream_readable.js:271:9)
	at Socket.Readable.push (_stream_readable.js:212:10)
	at Pipe.onStreamRead (internal/stream_base_commons.js:186:23)
[2021-03-16 12:46:54.341] [renderer1] [error] [ms-python.python]: Proposed API is only available when running out of dev or with the following command line switch: --enable-proposed-api ms-python.python: Error: [ms-python.python]: Proposed API is only available when running out of dev or with the following command line switch: --enable-proposed-api ms-python.python
	at f (/usr/lib/code/out/vs/workbench/services/extensions/node/extensionHostProcess.js:86:59270)
	at Object.v [as checkProposedApiEnabled] (/usr/lib/code/out/vs/workbench/services/extensions/node/extensionHostProcess.js:86:59217)
	at Object.get activeNotebookEditor [as activeNotebookEditor] (/usr/lib/code/out/vs/workbench/services/extensions/node/extensionHostProcess.js:94:39089)
	at u.get activeNotebookEditor [as activeNotebookEditor] (/home/jacob/.vscode-oss/extensions/ms-python.python-2020.10.332292344/out/client/extension.js:56:1203223)
	at g.provideCodeLenses (/home/jacob/.vscode-oss/extensions/ms-python.python-2020.10.332292344/out/client/extension.js:56:229657)
	at l.provideCodeLenses (/usr/lib/code/out/vs/workbench/services/extensions/node/extensionHostProcess.js:86:138899)
	at /usr/lib/code/out/vs/workbench/services/extensions/node/extensionHostProcess.js:86:161293
	at we._withAdapter (/usr/lib/code/out/vs/workbench/services/extensions/node/extensionHostProcess.js:86:159898)
	at we.$provideCodeLenses (/usr/lib/code/out/vs/workbench/services/extensions/node/extensionHostProcess.js:86:161271)
	at p._doInvokeHandler (/usr/lib/code/out/vs/workbench/services/extensions/node/extensionHostProcess.js:89:10276)
	at p._invokeHandler (/usr/lib/code/out/vs/workbench/services/extensions/node/extensionHostProcess.js:89:9968)
	at p._receiveRequest (/usr/lib/code/out/vs/workbench/services/extensions/node/extensionHostProcess.js:89:8587)
	at p._receiveOneMessage (/usr/lib/code/out/vs/workbench/services/extensions/node/extensionHostProcess.js:89:7440)
	at /usr/lib/code/out/vs/workbench/services/extensions/node/extensionHostProcess.js:89:5568
	at v.fire (/usr/lib/code/out/vs/workbench/services/extensions/node/extensionHostProcess.js:55:1836)
	at d.fire (/usr/lib/code/out/vs/workbench/services/extensions/node/extensionHostProcess.js:63:15515)
	at /usr/lib/code/out/vs/workbench/services/extensions/node/extensionHostProcess.js:104:29104
	at v.fire (/usr/lib/code/out/vs/workbench/services/extensions/node/extensionHostProcess.js:55:1836)
	at d.fire (/usr/lib/code/out/vs/workbench/services/extensions/node/extensionHostProcess.js:63:15515)
	at t._receiveMessage (/usr/lib/code/out/vs/workbench/services/extensions/node/extensionHostProcess.js:63:20765)
	at /usr/lib/code/out/vs/workbench/services/extensions/node/extensionHostProcess.js:63:17659
	at v.fire (/usr/lib/code/out/vs/workbench/services/extensions/node/extensionHostProcess.js:55:1836)
	at u.acceptChunk (/usr/lib/code/out/vs/workbench/services/extensions/node/extensionHostProcess.js:63:12880)
	at /usr/lib/code/out/vs/workbench/services/extensions/node/extensionHostProcess.js:63:12228
	at Socket.m (/usr/lib/code/out/vs/workbench/services/extensions/node/extensionHostProcess.js:104:12375)
	at Socket.emit (events.js:315:20)
	at addChunk (_stream_readable.js:295:12)
	at readableAddChunk (_stream_readable.js:271:9)
	at Socket.Readable.push (_stream_readable.js:212:10)
	at Pipe.onStreamRead (internal/stream_base_commons.js:186:23)
[2021-03-16 12:51:57.342] [renderer1] [error] [ms-python.python]: Proposed API is only available when running out of dev or with the following command line switch: --enable-proposed-api ms-python.python: Error: [ms-python.python]: Proposed API is only available when running out of dev or with the following command line switch: --enable-proposed-api ms-python.python
	at f (/usr/lib/code/out/vs/workbench/services/extensions/node/extensionHostProcess.js:86:59270)
	at Object.v [as checkProposedApiEnabled] (/usr/lib/code/out/vs/workbench/services/extensions/node/extensionHostProcess.js:86:59217)
	at Object.get activeNotebookEditor [as activeNotebookEditor] (/usr/lib/code/out/vs/workbench/services/extensions/node/extensionHostProcess.js:94:39089)
	at u.get activeNotebookEditor [as activeNotebookEditor] (/home/jacob/.vscode-oss/extensions/ms-python.python-2020.10.332292344/out/client/extension.js:56:1203223)
	at g.provideCodeLenses (/home/jacob/.vscode-oss/extensions/ms-python.python-2020.10.332292344/out/client/extension.js:56:229657)
	at l.provideCodeLenses (/usr/lib/code/out/vs/workbench/services/extensions/node/extensionHostProcess.js:86:138899)
	at /usr/lib/code/out/vs/workbench/services/extensions/node/extensionHostProcess.js:86:161293
	at we._withAdapter (/usr/lib/code/out/vs/workbench/services/extensions/node/extensionHostProcess.js:86:159898)
	at we.$provideCodeLenses (/usr/lib/code/out/vs/workbench/services/extensions/node/extensionHostProcess.js:86:161271)
	at p._doInvokeHandler (/usr/lib/code/out/vs/workbench/services/extensions/node/extensionHostProcess.js:89:10276)
	at p._invokeHandler (/usr/lib/code/out/vs/workbench/services/extensions/node/extensionHostProcess.js:89:9968)
	at p._receiveRequest (/usr/lib/code/out/vs/workbench/services/extensions/node/extensionHostProcess.js:89:8587)
	at p._receiveOneMessage (/usr/lib/code/out/vs/workbench/services/extensions/node/extensionHostProcess.js:89:7440)
	at /usr/lib/code/out/vs/workbench/services/extensions/node/extensionHostProcess.js:89:5568
	at v.fire (/usr/lib/code/out/vs/workbench/services/extensions/node/extensionHostProcess.js:55:1836)
	at d.fire (/usr/lib/code/out/vs/workbench/services/extensions/node/extensionHostProcess.js:63:15515)
	at /usr/lib/code/out/vs/workbench/services/extensions/node/extensionHostProcess.js:104:29104
	at v.fire (/usr/lib/code/out/vs/workbench/services/extensions/node/extensionHostProcess.js:55:1836)
	at d.fire (/usr/lib/code/out/vs/workbench/services/extensions/node/extensionHostProcess.js:63:15515)
	at t._receiveMessage (/usr/lib/code/out/vs/workbench/services/extensions/node/extensionHostProcess.js:63:20765)
	at /usr/lib/code/out/vs/workbench/services/extensions/node/extensionHostProcess.js:63:17659
	at v.fire (/usr/lib/code/out/vs/workbench/services/extensions/node/extensionHostProcess.js:55:1836)
	at u.acceptChunk (/usr/lib/code/out/vs/workbench/services/extensions/node/extensionHostProcess.js:63:12880)
	at /usr/lib/code/out/vs/workbench/services/extensions/node/extensionHostProcess.js:63:12228
	at Socket.m (/usr/lib/code/out/vs/workbench/services/extensions/node/extensionHostProcess.js:104:12375)
	at Socket.emit (events.js:315:20)
	at addChunk (_stream_readable.js:295:12)
	at readableAddChunk (_stream_readable.js:271:9)
	at Socket.Readable.push (_stream_readable.js:212:10)
	at Pipe.onStreamRead (internal/stream_base_commons.js:186:23)
[2021-03-16 12:53:22.431] [renderer1] [error] [ms-python.python]: Proposed API is only available when running out of dev or with the following command line switch: --enable-proposed-api ms-python.python: Error: [ms-python.python]: Proposed API is only available when running out of dev or with the following command line switch: --enable-proposed-api ms-python.python
	at f (/usr/lib/code/out/vs/workbench/services/extensions/node/extensionHostProcess.js:86:59270)
	at Object.v [as checkProposedApiEnabled] (/usr/lib/code/out/vs/workbench/services/extensions/node/extensionHostProcess.js:86:59217)
	at Object.get activeNotebookEditor [as activeNotebookEditor] (/usr/lib/code/out/vs/workbench/services/extensions/node/extensionHostProcess.js:94:39089)
	at u.get activeNotebookEditor [as activeNotebookEditor] (/home/jacob/.vscode-oss/extensions/ms-python.python-2020.10.332292344/out/client/extension.js:56:1203223)
	at g.provideCodeLenses (/home/jacob/.vscode-oss/extensions/ms-python.python-2020.10.332292344/out/client/extension.js:56:229657)
	at l.provideCodeLenses (/usr/lib/code/out/vs/workbench/services/extensions/node/extensionHostProcess.js:86:138899)
	at /usr/lib/code/out/vs/workbench/services/extensions/node/extensionHostProcess.js:86:161293
	at we._withAdapter (/usr/lib/code/out/vs/workbench/services/extensions/node/extensionHostProcess.js:86:159898)
	at we.$provideCodeLenses (/usr/lib/code/out/vs/workbench/services/extensions/node/extensionHostProcess.js:86:161271)
	at p._doInvokeHandler (/usr/lib/code/out/vs/workbench/services/extensions/node/extensionHostProcess.js:89:10276)
	at p._invokeHandler (/usr/lib/code/out/vs/workbench/services/extensions/node/extensionHostProcess.js:89:9968)
	at p._receiveRequest (/usr/lib/code/out/vs/workbench/services/extensions/node/extensionHostProcess.js:89:8587)
	at p._receiveOneMessage (/usr/lib/code/out/vs/workbench/services/extensions/node/extensionHostProcess.js:89:7440)
	at /usr/lib/code/out/vs/workbench/services/extensions/node/extensionHostProcess.js:89:5568
	at v.fire (/usr/lib/code/out/vs/workbench/services/extensions/node/extensionHostProcess.js:55:1836)
	at d.fire (/usr/lib/code/out/vs/workbench/services/extensions/node/extensionHostProcess.js:63:15515)
	at /usr/lib/code/out/vs/workbench/services/extensions/node/extensionHostProcess.js:104:29104
	at v.fire (/usr/lib/code/out/vs/workbench/services/extensions/node/extensionHostProcess.js:55:1836)
	at d.fire (/usr/lib/code/out/vs/workbench/services/extensions/node/extensionHostProcess.js:63:15515)
	at t._receiveMessage (/usr/lib/code/out/vs/workbench/services/extensions/node/extensionHostProcess.js:63:20765)
	at /usr/lib/code/out/vs/workbench/services/extensions/node/extensionHostProcess.js:63:17659
	at v.fire (/usr/lib/code/out/vs/workbench/services/extensions/node/extensionHostProcess.js:55:1836)
	at u.acceptChunk (/usr/lib/code/out/vs/workbench/services/extensions/node/extensionHostProcess.js:63:12880)
	at /usr/lib/code/out/vs/workbench/services/extensions/node/extensionHostProcess.js:63:12228
	at Socket.m (/usr/lib/code/out/vs/workbench/services/extensions/node/extensionHostProcess.js:104:12375)
	at Socket.emit (events.js:315:20)
	at addChunk (_stream_readable.js:295:12)
	at readableAddChunk (_stream_readable.js:271:9)
	at Socket.Readable.push (_stream_readable.js:212:10)
	at Pipe.onStreamRead (internal/stream_base_commons.js:186:23)
[2021-03-16 12:54:09.267] [renderer1] [error] [ms-python.python]: Proposed API is only available when running out of dev or with the following command line switch: --enable-proposed-api ms-python.python: Error: [ms-python.python]: Proposed API is only available when running out of dev or with the following command line switch: --enable-proposed-api ms-python.python
	at f (/usr/lib/code/out/vs/workbench/services/extensions/node/extensionHostProcess.js:86:59270)
	at Object.v [as checkProposedApiEnabled] (/usr/lib/code/out/vs/workbench/services/extensions/node/extensionHostProcess.js:86:59217)
	at Object.get activeNotebookEditor [as activeNotebookEditor] (/usr/lib/code/out/vs/workbench/services/extensions/node/extensionHostProcess.js:94:39089)
	at u.get activeNotebookEditor [as activeNotebookEditor] (/home/jacob/.vscode-oss/extensions/ms-python.python-2020.10.332292344/out/client/extension.js:56:1203223)
	at g.provideCodeLenses (/home/jacob/.vscode-oss/extensions/ms-python.python-2020.10.332292344/out/client/extension.js:56:229657)
	at l.provideCodeLenses (/usr/lib/code/out/vs/workbench/services/extensions/node/extensionHostProcess.js:86:138899)
	at /usr/lib/code/out/vs/workbench/services/extensions/node/extensionHostProcess.js:86:161293
	at we._withAdapter (/usr/lib/code/out/vs/workbench/services/extensions/node/extensionHostProcess.js:86:159898)
	at we.$provideCodeLenses (/usr/lib/code/out/vs/workbench/services/extensions/node/extensionHostProcess.js:86:161271)
	at p._doInvokeHandler (/usr/lib/code/out/vs/workbench/services/extensions/node/extensionHostProcess.js:89:10276)
	at p._invokeHandler (/usr/lib/code/out/vs/workbench/services/extensions/node/extensionHostProcess.js:89:9968)
	at p._receiveRequest (/usr/lib/code/out/vs/workbench/services/extensions/node/extensionHostProcess.js:89:8587)
	at p._receiveOneMessage (/usr/lib/code/out/vs/workbench/services/extensions/node/extensionHostProcess.js:89:7440)
	at /usr/lib/code/out/vs/workbench/services/extensions/node/extensionHostProcess.js:89:5568
	at v.fire (/usr/lib/code/out/vs/workbench/services/extensions/node/extensionHostProcess.js:55:1836)
	at d.fire (/usr/lib/code/out/vs/workbench/services/extensions/node/extensionHostProcess.js:63:15515)
	at /usr/lib/code/out/vs/workbench/services/extensions/node/extensionHostProcess.js:104:29104
	at v.fire (/usr/lib/code/out/vs/workbench/services/extensions/node/extensionHostProcess.js:55:1836)
	at d.fire (/usr/lib/code/out/vs/workbench/services/extensions/node/extensionHostProcess.js:63:15515)
	at t._receiveMessage (/usr/lib/code/out/vs/workbench/services/extensions/node/extensionHostProcess.js:63:20765)
	at /usr/lib/code/out/vs/workbench/services/extensions/node/extensionHostProcess.js:63:17659
	at v.fire (/usr/lib/code/out/vs/workbench/services/extensions/node/extensionHostProcess.js:55:1836)
	at u.acceptChunk (/usr/lib/code/out/vs/workbench/services/extensions/node/extensionHostProcess.js:63:12880)
	at /usr/lib/code/out/vs/workbench/services/extensions/node/extensionHostProcess.js:63:12228
	at Socket.m (/usr/lib/code/out/vs/workbench/services/extensions/node/extensionHostProcess.js:104:12375)
	at Socket.emit (events.js:315:20)
	at addChunk (_stream_readable.js:295:12)
	at readableAddChunk (_stream_readable.js:271:9)
	at Socket.Readable.push (_stream_readable.js:212:10)
	at Pipe.onStreamRead (internal/stream_base_commons.js:186:23)
[2021-03-16 12:55:50.283] [renderer1] [error] [ms-python.python]: Proposed API is only available when running out of dev or with the following command line switch: --enable-proposed-api ms-python.python: Error: [ms-python.python]: Proposed API is only available when running out of dev or with the following command line switch: --enable-proposed-api ms-python.python
	at f (/usr/lib/code/out/vs/workbench/services/extensions/node/extensionHostProcess.js:86:59270)
	at Object.v [as checkProposedApiEnabled] (/usr/lib/code/out/vs/workbench/services/extensions/node/extensionHostProcess.js:86:59217)
	at Object.get activeNotebookEditor [as activeNotebookEditor] (/usr/lib/code/out/vs/workbench/services/extensions/node/extensionHostProcess.js:94:39089)
	at u.get activeNotebookEditor [as activeNotebookEditor] (/home/jacob/.vscode-oss/extensions/ms-python.python-2020.10.332292344/out/client/extension.js:56:1203223)
	at g.provideCodeLenses (/home/jacob/.vscode-oss/extensions/ms-python.python-2020.10.332292344/out/client/extension.js:56:229657)
	at l.provideCodeLenses (/usr/lib/code/out/vs/workbench/services/extensions/node/extensionHostProcess.js:86:138899)
	at /usr/lib/code/out/vs/workbench/services/extensions/node/extensionHostProcess.js:86:161293
	at we._withAdapter (/usr/lib/code/out/vs/workbench/services/extensions/node/extensionHostProcess.js:86:159898)
	at we.$provideCodeLenses (/usr/lib/code/out/vs/workbench/services/extensions/node/extensionHostProcess.js:86:161271)
	at p._doInvokeHandler (/usr/lib/code/out/vs/workbench/services/extensions/node/extensionHostProcess.js:89:10276)
	at p._invokeHandler (/usr/lib/code/out/vs/workbench/services/extensions/node/extensionHostProcess.js:89:9968)
	at p._receiveRequest (/usr/lib/code/out/vs/workbench/services/extensions/node/extensionHostProcess.js:89:8587)
	at p._receiveOneMessage (/usr/lib/code/out/vs/workbench/services/extensions/node/extensionHostProcess.js:89:7440)
	at /usr/lib/code/out/vs/workbench/services/extensions/node/extensionHostProcess.js:89:5568
	at v.fire (/usr/lib/code/out/vs/workbench/services/extensions/node/extensionHostProcess.js:55:1836)
	at d.fire (/usr/lib/code/out/vs/workbench/services/extensions/node/extensionHostProcess.js:63:15515)
	at /usr/lib/code/out/vs/workbench/services/extensions/node/extensionHostProcess.js:104:29104
	at v.fire (/usr/lib/code/out/vs/workbench/services/extensions/node/extensionHostProcess.js:55:1836)
	at d.fire (/usr/lib/code/out/vs/workbench/services/extensions/node/extensionHostProcess.js:63:15515)
	at t._receiveMessage (/usr/lib/code/out/vs/workbench/services/extensions/node/extensionHostProcess.js:63:20765)
	at /usr/lib/code/out/vs/workbench/services/extensions/node/extensionHostProcess.js:63:17659
	at v.fire (/usr/lib/code/out/vs/workbench/services/extensions/node/extensionHostProcess.js:55:1836)
	at u.acceptChunk (/usr/lib/code/out/vs/workbench/services/extensions/node/extensionHostProcess.js:63:12880)
	at /usr/lib/code/out/vs/workbench/services/extensions/node/extensionHostProcess.js:63:12228
	at Socket.m (/usr/lib/code/out/vs/workbench/services/extensions/node/extensionHostProcess.js:104:12375)
	at Socket.emit (events.js:315:20)
	at addChunk (_stream_readable.js:295:12)
	at readableAddChunk (_stream_readable.js:271:9)
	at Socket.Readable.push (_stream_readable.js:212:10)
	at Pipe.onStreamRead (internal/stream_base_commons.js:186:23)
[2021-03-16 12:58:22.539] [renderer1] [error] [ms-python.python]: Proposed API is only available when running out of dev or with the following command line switch: --enable-proposed-api ms-python.python: Error: [ms-python.python]: Proposed API is only available when running out of dev or with the following command line switch: --enable-proposed-api ms-python.python
	at f (/usr/lib/code/out/vs/workbench/services/extensions/node/extensionHostProcess.js:86:59270)
	at Object.v [as checkProposedApiEnabled] (/usr/lib/code/out/vs/workbench/services/extensions/node/extensionHostProcess.js:86:59217)
	at Object.get activeNotebookEditor [as activeNotebookEditor] (/usr/lib/code/out/vs/workbench/services/extensions/node/extensionHostProcess.js:94:39089)
	at u.get activeNotebookEditor [as activeNotebookEditor] (/home/jacob/.vscode-oss/extensions/ms-python.python-2020.10.332292344/out/client/extension.js:56:1203223)
	at g.provideCodeLenses (/home/jacob/.vscode-oss/extensions/ms-python.python-2020.10.332292344/out/client/extension.js:56:229657)
	at l.provideCodeLenses (/usr/lib/code/out/vs/workbench/services/extensions/node/extensionHostProcess.js:86:138899)
	at /usr/lib/code/out/vs/workbench/services/extensions/node/extensionHostProcess.js:86:161293
	at we._withAdapter (/usr/lib/code/out/vs/workbench/services/extensions/node/extensionHostProcess.js:86:159898)
	at we.$provideCodeLenses (/usr/lib/code/out/vs/workbench/services/extensions/node/extensionHostProcess.js:86:161271)
	at p._doInvokeHandler (/usr/lib/code/out/vs/workbench/services/extensions/node/extensionHostProcess.js:89:10276)
	at p._invokeHandler (/usr/lib/code/out/vs/workbench/services/extensions/node/extensionHostProcess.js:89:9968)
	at p._receiveRequest (/usr/lib/code/out/vs/workbench/services/extensions/node/extensionHostProcess.js:89:8587)
	at p._receiveOneMessage (/usr/lib/code/out/vs/workbench/services/extensions/node/extensionHostProcess.js:89:7440)
	at /usr/lib/code/out/vs/workbench/services/extensions/node/extensionHostProcess.js:89:5568
	at v.fire (/usr/lib/code/out/vs/workbench/services/extensions/node/extensionHostProcess.js:55:1836)
	at d.fire (/usr/lib/code/out/vs/workbench/services/extensions/node/extensionHostProcess.js:63:15515)
	at /usr/lib/code/out/vs/workbench/services/extensions/node/extensionHostProcess.js:104:29104
	at v.fire (/usr/lib/code/out/vs/workbench/services/extensions/node/extensionHostProcess.js:55:1836)
	at d.fire (/usr/lib/code/out/vs/workbench/services/extensions/node/extensionHostProcess.js:63:15515)
	at t._receiveMessage (/usr/lib/code/out/vs/workbench/services/extensions/node/extensionHostProcess.js:63:20765)
	at /usr/lib/code/out/vs/workbench/services/extensions/node/extensionHostProcess.js:63:17659
	at v.fire (/usr/lib/code/out/vs/workbench/services/extensions/node/extensionHostProcess.js:55:1836)
	at u.acceptChunk (/usr/lib/code/out/vs/workbench/services/extensions/node/extensionHostProcess.js:63:12880)
	at /usr/lib/code/out/vs/workbench/services/extensions/node/extensionHostProcess.js:63:12228
	at Socket.m (/usr/lib/code/out/vs/workbench/services/extensions/node/extensionHostProcess.js:104:12375)
	at Socket.emit (events.js:315:20)
	at addChunk (_stream_readable.js:295:12)
	at readableAddChunk (_stream_readable.js:271:9)
	at Socket.Readable.push (_stream_readable.js:212:10)
	at Pipe.onStreamRead (internal/stream_base_commons.js:186:23)
